This file contains any messages produced by compilers while
running configure, to aid debugging if configure makes a mistake.

It was created by CS_RS configure 1.0, which was
generated by GNU Autoconf 2.63.  Invocation command line was

  $ ../configure 

## --------- ##
## Platform. ##
## --------- ##

hostname = C-T-store-26
uname -m = x86_64
uname -r = 2.6.27.19-5-default
uname -s = Linux
uname -v = #1 SMP 2009-02-28 04:40:21 +0100

/usr/bin/uname -p = unknown
/bin/uname -X     = unknown

/bin/arch              = x86_64
/usr/bin/arch -k       = unknown
/usr/convex/getsysinfo = unknown
/usr/bin/hostinfo      = unknown
/bin/machine           = unknown
/usr/bin/oslevel       = unknown
/bin/universe          = unknown

PATH: /sbin
PATH: /usr/sbin
PATH: /usr/local/sbin
PATH: /root/bin
PATH: /usr/local/bin
PATH: /usr/bin
PATH: /bin
PATH: /usr/bin/X11
PATH: /usr/X11R6/bin
PATH: /usr/games
PATH: /usr/lib/mit/bin
PATH: /usr/lib/mit/sbin
PATH: /usr/local/mysql/bin
PATH: /usr/local/unixODBC/bin


## ----------- ##
## Core tests. ##
## ----------- ##

configure:1902: checking for a BSD-compatible install
configure:1970: result: /usr/bin/install -c
configure:1981: checking whether build environment is sane
configure:2024: result: yes
configure:2049: checking for a thread-safe mkdir -p
configure:2088: result: /bin/mkdir -p
configure:2101: checking for gawk
configure:2117: found /usr/bin/gawk
configure:2128: result: gawk
configure:2139: checking whether make sets $(MAKE)
configure:2161: result: yes
configure:2358: checking for style of include used by make
configure:2386: result: GNU
configure:2456: checking for gcc
configure:2472: found /usr/bin/gcc
configure:2483: result: gcc
configure:2715: checking for C compiler version
configure:2723: gcc --version >&5
gcc (SUSE Linux) 4.3.2 [gcc-4_3-branch revision 141291]
Copyright (C) 2008 Free Software Foundation, Inc.
This is free software; see the source for copying conditions.  There is NO
warranty; not even for MERCHANTABILITY or FITNESS FOR A PARTICULAR PURPOSE.

configure:2727: $? = 0
configure:2734: gcc -v >&5
Using built-in specs.
Target: x86_64-suse-linux
Configured with: ../configure --prefix=/usr --infodir=/usr/share/info --mandir=/usr/share/man --libdir=/usr/lib64 --libexecdir=/usr/lib64 --enable-languages=c,c++,objc,fortran,obj-c++,java,ada --enable-checking=release --with-gxx-include-dir=/usr/include/c++/4.3 --enable-ssp --disable-libssp --with-bugurl=http://bugs.opensuse.org/ --with-pkgversion='SUSE Linux' --disable-libgcj --disable-libmudflap --with-slibdir=/lib64 --with-system-zlib --enable-__cxa_atexit --enable-libstdcxx-allocator=new --disable-libstdcxx-pch --enable-version-specific-runtime-libs --program-suffix=-4.3 --enable-linux-futex --without-system-libunwind --with-cpu=generic --build=x86_64-suse-linux
Thread model: posix
gcc version 4.3.2 [gcc-4_3-branch revision 141291] (SUSE Linux) 
configure:2738: $? = 0
configure:2745: gcc -V >&5
gcc: '-V' option must have argument
configure:2749: $? = 1
configure:2772: checking for C compiler default output file name
configure:2794: gcc    conftest.c  >&5
configure:2798: $? = 0
configure:2836: result: a.out
configure:2855: checking whether the C compiler works
configure:2865: ./a.out
configure:2869: $? = 0
configure:2888: result: yes
configure:2895: checking whether we are cross compiling
configure:2897: result: no
configure:2900: checking for suffix of executables
configure:2907: gcc -o conftest    conftest.c  >&5
configure:2911: $? = 0
configure:2937: result: 
configure:2943: checking for suffix of object files
configure:2969: gcc -c   conftest.c >&5
configure:2973: $? = 0
configure:2998: result: o
configure:3002: checking whether we are using the GNU C compiler
configure:3031: gcc -c   conftest.c >&5
configure:3038: $? = 0
configure:3055: result: yes
configure:3064: checking whether gcc accepts -g
configure:3094: gcc -c -g  conftest.c >&5
configure:3101: $? = 0
configure:3202: result: yes
configure:3219: checking for gcc option to accept ISO C89
configure:3293: gcc  -c -g -O2  conftest.c >&5
configure:3300: $? = 0
configure:3323: result: none needed
configure:3343: checking dependency style of gcc
configure:3434: result: gcc3
configure:3490: checking for xml2-config
configure:3508: found /usr/bin/xml2-config
configure:3521: result: /usr/bin/xml2-config
configure:3530: checking for libxml - version >= 2.0.0
configure:3642: gcc -o conftest -g -O2  -I/usr/include/libxml2  conftest.c -lxml2 -lz -lm  >&5
configure:3646: $? = 0
configure:3652: ./conftest
configure:3656: $? = 0
configure:3678: result: yes (version 2.7.7)
configure:3832: checking for g++
configure:3848: found /usr/bin/g++
configure:3859: result: g++
configure:3886: checking for C++ compiler version
configure:3894: g++ --version >&5
g++ (SUSE Linux) 4.3.2 [gcc-4_3-branch revision 141291]
Copyright (C) 2008 Free Software Foundation, Inc.
This is free software; see the source for copying conditions.  There is NO
warranty; not even for MERCHANTABILITY or FITNESS FOR A PARTICULAR PURPOSE.

configure:3898: $? = 0
configure:3905: g++ -v >&5
Using built-in specs.
Target: x86_64-suse-linux
Configured with: ../configure --prefix=/usr --infodir=/usr/share/info --mandir=/usr/share/man --libdir=/usr/lib64 --libexecdir=/usr/lib64 --enable-languages=c,c++,objc,fortran,obj-c++,java,ada --enable-checking=release --with-gxx-include-dir=/usr/include/c++/4.3 --enable-ssp --disable-libssp --with-bugurl=http://bugs.opensuse.org/ --with-pkgversion='SUSE Linux' --disable-libgcj --disable-libmudflap --with-slibdir=/lib64 --with-system-zlib --enable-__cxa_atexit --enable-libstdcxx-allocator=new --disable-libstdcxx-pch --enable-version-specific-runtime-libs --program-suffix=-4.3 --enable-linux-futex --without-system-libunwind --with-cpu=generic --build=x86_64-suse-linux
Thread model: posix
gcc version 4.3.2 [gcc-4_3-branch revision 141291] (SUSE Linux) 
configure:3909: $? = 0
configure:3916: g++ -V >&5
g++: '-V' option must have argument
configure:3920: $? = 1
configure:3923: checking whether we are using the GNU C++ compiler
configure:3952: g++ -c   conftest.cpp >&5
configure:3959: $? = 0
configure:3976: result: yes
configure:3985: checking whether g++ accepts -g
configure:4015: g++ -c -g  conftest.cpp >&5
configure:4022: $? = 0
configure:4123: result: yes
configure:4148: checking dependency style of g++
configure:4239: result: gcc3
configure:4302: checking for gcc
configure:4329: result: gcc
configure:4561: checking for C compiler version
configure:4569: gcc --version >&5
gcc (SUSE Linux) 4.3.2 [gcc-4_3-branch revision 141291]
Copyright (C) 2008 Free Software Foundation, Inc.
This is free software; see the source for copying conditions.  There is NO
warranty; not even for MERCHANTABILITY or FITNESS FOR A PARTICULAR PURPOSE.

configure:4573: $? = 0
configure:4580: gcc -v >&5
Using built-in specs.
Target: x86_64-suse-linux
Configured with: ../configure --prefix=/usr --infodir=/usr/share/info --mandir=/usr/share/man --libdir=/usr/lib64 --libexecdir=/usr/lib64 --enable-languages=c,c++,objc,fortran,obj-c++,java,ada --enable-checking=release --with-gxx-include-dir=/usr/include/c++/4.3 --enable-ssp --disable-libssp --with-bugurl=http://bugs.opensuse.org/ --with-pkgversion='SUSE Linux' --disable-libgcj --disable-libmudflap --with-slibdir=/lib64 --with-system-zlib --enable-__cxa_atexit --enable-libstdcxx-allocator=new --disable-libstdcxx-pch --enable-version-specific-runtime-libs --program-suffix=-4.3 --enable-linux-futex --without-system-libunwind --with-cpu=generic --build=x86_64-suse-linux
Thread model: posix
gcc version 4.3.2 [gcc-4_3-branch revision 141291] (SUSE Linux) 
configure:4584: $? = 0
configure:4591: gcc -V >&5
gcc: '-V' option must have argument
configure:4595: $? = 1
configure:4598: checking whether we are using the GNU C compiler
configure:4651: result: yes
configure:4660: checking whether gcc accepts -g
configure:4798: result: yes
configure:4815: checking for gcc option to accept ISO C89
configure:4919: result: none needed
configure:4939: checking dependency style of gcc
configure:5030: result: gcc3
configure:5089: checking for ranlib
configure:5105: found /usr/bin/ranlib
configure:5116: result: ranlib
configure:5142: checking for _ZTVN6google8protobuf17FileDescriptorSetE  in -lprotobuf 
configure:5177: gcc -o conftest -g -O2   conftest.c -lprotobuf    >&5
configure:5184: $? = 0
configure:5205: result: yes
configure:5214: checking for xmlXPtrEval  in -lxml2 
configure:5249: gcc -o conftest -g -O2   conftest.c -lxml2    >&5
configure:5256: $? = 0
configure:5277: result: yes
configure:5286: checking for clock_gettime  in -lrt 
configure:5321: gcc -o conftest -g -O2   conftest.c -lrt    >&5
configure:5328: $? = 0
configure:5349: result: yes
configure:5358: checking for pthread_create  in -lptrhread 
configure:5393: gcc -o conftest -g -O2   conftest.c -lptrhread    >&5
/usr/lib64/gcc/x86_64-suse-linux/4.3/../../../../x86_64-suse-linux/bin/ld: cannot find -lptrhread
collect2: ld returned 1 exit status
configure:5400: $? = 1
configure: failed program was:
| /* confdefs.h.  */
| #define PACKAGE_NAME "CS_RS"
| #define PACKAGE_TARNAME "cs_rs"
| #define PACKAGE_VERSION "1.0"
| #define PACKAGE_STRING "CS_RS 1.0"
| #define PACKAGE_BUGREPORT "fengyuatad@126.com"
| #define PACKAGE "CS_RS"
| #define VERSION "1.0"
| /* end confdefs.h.  */
| 
| /* Override any GCC internal prototype to avoid an error.
|    Use char because int might match the return type of a GCC
|    builtin and then its argument prototype would still apply.  */
| #ifdef __cplusplus
| extern "C"
| #endif
| char pthread_create  ();
| int
| main ()
| {
| return pthread_create  ();
|   ;
|   return 0;
| }
configure:5421: result: no
configure:5434: checking how to run the C preprocessor
configure:5474: gcc -E  conftest.c
configure:5481: $? = 0
configure:5512: gcc -E  conftest.c
conftest.c:10:28: error: ac_nonexistent.h: No such file or directory
configure:5519: $? = 1
configure: failed program was:
| /* confdefs.h.  */
| #define PACKAGE_NAME "CS_RS"
| #define PACKAGE_TARNAME "cs_rs"
| #define PACKAGE_VERSION "1.0"
| #define PACKAGE_STRING "CS_RS 1.0"
| #define PACKAGE_BUGREPORT "fengyuatad@126.com"
| #define PACKAGE "CS_RS"
| #define VERSION "1.0"
| /* end confdefs.h.  */
| #include <ac_nonexistent.h>
configure:5552: result: gcc -E
configure:5581: gcc -E  conftest.c
configure:5588: $? = 0
configure:5619: gcc -E  conftest.c
conftest.c:10:28: error: ac_nonexistent.h: No such file or directory
configure:5626: $? = 1
configure: failed program was:
| /* confdefs.h.  */
| #define PACKAGE_NAME "CS_RS"
| #define PACKAGE_TARNAME "cs_rs"
| #define PACKAGE_VERSION "1.0"
| #define PACKAGE_STRING "CS_RS 1.0"
| #define PACKAGE_BUGREPORT "fengyuatad@126.com"
| #define PACKAGE "CS_RS"
| #define VERSION "1.0"
| /* end confdefs.h.  */
| #include <ac_nonexistent.h>
configure:5666: checking for grep that handles long lines and -e
configure:5726: result: /usr/bin/grep
configure:5731: checking for egrep
configure:5795: result: /usr/bin/grep -E
configure:5800: checking for ANSI C header files
configure:5830: gcc -c -g -O2  conftest.c >&5
configure:5837: $? = 0
configure:5936: gcc -o conftest -g -O2   conftest.c  >&5
configure:5940: $? = 0
configure:5946: ./conftest
configure:5950: $? = 0
configure:5968: result: yes
configure:5992: checking for sys/types.h
configure:6013: gcc -c -g -O2  conftest.c >&5
configure:6020: $? = 0
configure:6037: result: yes
configure:5992: checking for sys/stat.h
configure:6013: gcc -c -g -O2  conftest.c >&5
configure:6020: $? = 0
configure:6037: result: yes
configure:5992: checking for stdlib.h
configure:6013: gcc -c -g -O2  conftest.c >&5
configure:6020: $? = 0
configure:6037: result: yes
configure:5992: checking for string.h
configure:6013: gcc -c -g -O2  conftest.c >&5
configure:6020: $? = 0
configure:6037: result: yes
configure:5992: checking for memory.h
configure:6013: gcc -c -g -O2  conftest.c >&5
configure:6020: $? = 0
configure:6037: result: yes
configure:5992: checking for strings.h
configure:6013: gcc -c -g -O2  conftest.c >&5
configure:6020: $? = 0
configure:6037: result: yes
configure:5992: checking for inttypes.h
configure:6013: gcc -c -g -O2  conftest.c >&5
configure:6020: $? = 0
configure:6037: result: yes
configure:5992: checking for stdint.h
configure:6013: gcc -c -g -O2  conftest.c >&5
configure:6020: $? = 0
configure:6037: result: yes
configure:5992: checking for unistd.h
configure:6013: gcc -c -g -O2  conftest.c >&5
configure:6020: $? = 0
configure:6037: result: yes
configure:6079: checking arpa/inet.h usability
configure:6096: gcc -c -g -O2  conftest.c >&5
configure:6103: $? = 0
configure:6117: result: yes
configure:6121: checking arpa/inet.h presence
configure:6136: gcc -E  conftest.c
configure:6143: $? = 0
configure:6157: result: yes
configure:6190: checking for arpa/inet.h
configure:6199: result: yes
configure:6079: checking fcntl.h usability
configure:6096: gcc -c -g -O2  conftest.c >&5
configure:6103: $? = 0
configure:6117: result: yes
configure:6121: checking fcntl.h presence
configure:6136: gcc -E  conftest.c
configure:6143: $? = 0
configure:6157: result: yes
configure:6190: checking for fcntl.h
configure:6199: result: yes
configure:6068: checking for inttypes.h
configure:6075: result: yes
configure:6079: checking netdb.h usability
configure:6096: gcc -c -g -O2  conftest.c >&5
configure:6103: $? = 0
configure:6117: result: yes
configure:6121: checking netdb.h presence
configure:6136: gcc -E  conftest.c
configure:6143: $? = 0
configure:6157: result: yes
configure:6190: checking for netdb.h
configure:6199: result: yes
configure:6079: checking netinet/in.h usability
configure:6096: gcc -c -g -O2  conftest.c >&5
configure:6103: $? = 0
configure:6117: result: yes
configure:6121: checking netinet/in.h presence
configure:6136: gcc -E  conftest.c
configure:6143: $? = 0
configure:6157: result: yes
configure:6190: checking for netinet/in.h
configure:6199: result: yes
configure:6068: checking for stdint.h
configure:6075: result: yes
configure:6068: checking for stdlib.h
configure:6075: result: yes
configure:6068: checking for string.h
configure:6075: result: yes
configure:6079: checking sys/ioctl.h usability
configure:6096: gcc -c -g -O2  conftest.c >&5
configure:6103: $? = 0
configure:6117: result: yes
configure:6121: checking sys/ioctl.h presence
configure:6136: gcc -E  conftest.c
configure:6143: $? = 0
configure:6157: result: yes
configure:6190: checking for sys/ioctl.h
configure:6199: result: yes
configure:6079: checking sys/socket.h usability
configure:6096: gcc -c -g -O2  conftest.c >&5
configure:6103: $? = 0
configure:6117: result: yes
configure:6121: checking sys/socket.h presence
configure:6136: gcc -E  conftest.c
configure:6143: $? = 0
configure:6157: result: yes
configure:6190: checking for sys/socket.h
configure:6199: result: yes
configure:6079: checking sys/time.h usability
configure:6096: gcc -c -g -O2  conftest.c >&5
configure:6103: $? = 0
configure:6117: result: yes
configure:6121: checking sys/time.h presence
configure:6136: gcc -E  conftest.c
configure:6143: $? = 0
configure:6157: result: yes
configure:6190: checking for sys/time.h
configure:6199: result: yes
configure:6079: checking sys/vfs.h usability
configure:6096: gcc -c -g -O2  conftest.c >&5
configure:6103: $? = 0
configure:6117: result: yes
configure:6121: checking sys/vfs.h presence
configure:6136: gcc -E  conftest.c
configure:6143: $? = 0
configure:6157: result: yes
configure:6190: checking for sys/vfs.h
configure:6199: result: yes
configure:6068: checking for unistd.h
configure:6075: result: yes
configure:6216: checking for stdbool.h that conforms to C99
configure:6311: gcc -c -g -O2  conftest.c >&5
configure:6318: $? = 0
configure:6333: result: yes
configure:6335: checking for _Bool
configure:6363: gcc -c -g -O2  conftest.c >&5
configure:6370: $? = 0
configure:6397: gcc -c -g -O2  conftest.c >&5
conftest.c: In function 'main':
conftest.c:69: error: expected expression before ')' token
configure:6404: $? = 1
configure: failed program was:
| /* confdefs.h.  */
| #define PACKAGE_NAME "CS_RS"
| #define PACKAGE_TARNAME "cs_rs"
| #define PACKAGE_VERSION "1.0"
| #define PACKAGE_STRING "CS_RS 1.0"
| #define PACKAGE_BUGREPORT "fengyuatad@126.com"
| #define PACKAGE "CS_RS"
| #define VERSION "1.0"
| #define STDC_HEADERS 1
| #define HAVE_SYS_TYPES_H 1
| #define HAVE_SYS_STAT_H 1
| #define HAVE_STDLIB_H 1
| #define HAVE_STRING_H 1
| #define HAVE_MEMORY_H 1
| #define HAVE_STRINGS_H 1
| #define HAVE_INTTYPES_H 1
| #define HAVE_STDINT_H 1
| #define HAVE_UNISTD_H 1
| #define HAVE_ARPA_INET_H 1
| #define HAVE_FCNTL_H 1
| #define HAVE_INTTYPES_H 1
| #define HAVE_NETDB_H 1
| #define HAVE_NETINET_IN_H 1
| #define HAVE_STDINT_H 1
| #define HAVE_STDLIB_H 1
| #define HAVE_STRING_H 1
| #define HAVE_SYS_IOCTL_H 1
| #define HAVE_SYS_SOCKET_H 1
| #define HAVE_SYS_TIME_H 1
| #define HAVE_SYS_VFS_H 1
| #define HAVE_UNISTD_H 1
| /* end confdefs.h.  */
| #include <stdio.h>
| #ifdef HAVE_SYS_TYPES_H
| # include <sys/types.h>
| #endif
| #ifdef HAVE_SYS_STAT_H
| # include <sys/stat.h>
| #endif
| #ifdef STDC_HEADERS
| # include <stdlib.h>
| # include <stddef.h>
| #else
| # ifdef HAVE_STDLIB_H
| #  include <stdlib.h>
| # endif
| #endif
| #ifdef HAVE_STRING_H
| # if !defined STDC_HEADERS && defined HAVE_MEMORY_H
| #  include <memory.h>
| # endif
| # include <string.h>
| #endif
| #ifdef HAVE_STRINGS_H
| # include <strings.h>
| #endif
| #ifdef HAVE_INTTYPES_H
| # include <inttypes.h>
| #endif
| #ifdef HAVE_STDINT_H
| # include <stdint.h>
| #endif
| #ifdef HAVE_UNISTD_H
| # include <unistd.h>
| #endif
| int
| main ()
| {
| if (sizeof ((_Bool)))
| 	  return 0;
|   ;
|   return 0;
| }
configure:6427: result: yes
configure:6446: checking for inline
configure:6472: gcc -c -g -O2  conftest.c >&5
configure:6479: $? = 0
configure:6497: result: inline
configure:6517: checking for int32_t
configure:6548: gcc -c -g -O2  conftest.c >&5
configure:6555: $? = 0
configure:6584: gcc -c -g -O2  conftest.c >&5
conftest.c: In function 'main':
conftest.c:72: warning: integer overflow in expression
conftest.c:72: error: size of array 'test_array' is negative
configure:6591: $? = 1
configure: failed program was:
| /* confdefs.h.  */
| #define PACKAGE_NAME "CS_RS"
| #define PACKAGE_TARNAME "cs_rs"
| #define PACKAGE_VERSION "1.0"
| #define PACKAGE_STRING "CS_RS 1.0"
| #define PACKAGE_BUGREPORT "fengyuatad@126.com"
| #define PACKAGE "CS_RS"
| #define VERSION "1.0"
| #define STDC_HEADERS 1
| #define HAVE_SYS_TYPES_H 1
| #define HAVE_SYS_STAT_H 1
| #define HAVE_STDLIB_H 1
| #define HAVE_STRING_H 1
| #define HAVE_MEMORY_H 1
| #define HAVE_STRINGS_H 1
| #define HAVE_INTTYPES_H 1
| #define HAVE_STDINT_H 1
| #define HAVE_UNISTD_H 1
| #define HAVE_ARPA_INET_H 1
| #define HAVE_FCNTL_H 1
| #define HAVE_INTTYPES_H 1
| #define HAVE_NETDB_H 1
| #define HAVE_NETINET_IN_H 1
| #define HAVE_STDINT_H 1
| #define HAVE_STDLIB_H 1
| #define HAVE_STRING_H 1
| #define HAVE_SYS_IOCTL_H 1
| #define HAVE_SYS_SOCKET_H 1
| #define HAVE_SYS_TIME_H 1
| #define HAVE_SYS_VFS_H 1
| #define HAVE_UNISTD_H 1
| #define HAVE__BOOL 1
| #define HAVE_STDBOOL_H 1
| /* end confdefs.h.  */
| #include <stdio.h>
| #ifdef HAVE_SYS_TYPES_H
| # include <sys/types.h>
| #endif
| #ifdef HAVE_SYS_STAT_H
| # include <sys/stat.h>
| #endif
| #ifdef STDC_HEADERS
| # include <stdlib.h>
| # include <stddef.h>
| #else
| # ifdef HAVE_STDLIB_H
| #  include <stdlib.h>
| # endif
| #endif
| #ifdef HAVE_STRING_H
| # if !defined STDC_HEADERS && defined HAVE_MEMORY_H
| #  include <memory.h>
| # endif
| # include <string.h>
| #endif
| #ifdef HAVE_STRINGS_H
| # include <strings.h>
| #endif
| #ifdef HAVE_INTTYPES_H
| # include <inttypes.h>
| #endif
| #ifdef HAVE_STDINT_H
| # include <stdint.h>
| #endif
| #ifdef HAVE_UNISTD_H
| # include <unistd.h>
| #endif
| int
| main ()
| {
| static int test_array [1 - 2 * !((int32_t) ((((int32_t) 1 << (32 - 2)) - 1) * 2 + 1)
| 		 < (int32_t) ((((int32_t) 1 << (32 - 2)) - 1) * 2 + 2))];
| test_array [0] = 0
| 
|   ;
|   return 0;
| }
configure:6620: result: yes
configure:6633: checking for int64_t
configure:6664: gcc -c -g -O2  conftest.c >&5
configure:6671: $? = 0
configure:6700: gcc -c -g -O2  conftest.c >&5
conftest.c: In function 'main':
conftest.c:72: warning: integer overflow in expression
conftest.c:72: error: size of array 'test_array' is negative
configure:6707: $? = 1
configure: failed program was:
| /* confdefs.h.  */
| #define PACKAGE_NAME "CS_RS"
| #define PACKAGE_TARNAME "cs_rs"
| #define PACKAGE_VERSION "1.0"
| #define PACKAGE_STRING "CS_RS 1.0"
| #define PACKAGE_BUGREPORT "fengyuatad@126.com"
| #define PACKAGE "CS_RS"
| #define VERSION "1.0"
| #define STDC_HEADERS 1
| #define HAVE_SYS_TYPES_H 1
| #define HAVE_SYS_STAT_H 1
| #define HAVE_STDLIB_H 1
| #define HAVE_STRING_H 1
| #define HAVE_MEMORY_H 1
| #define HAVE_STRINGS_H 1
| #define HAVE_INTTYPES_H 1
| #define HAVE_STDINT_H 1
| #define HAVE_UNISTD_H 1
| #define HAVE_ARPA_INET_H 1
| #define HAVE_FCNTL_H 1
| #define HAVE_INTTYPES_H 1
| #define HAVE_NETDB_H 1
| #define HAVE_NETINET_IN_H 1
| #define HAVE_STDINT_H 1
| #define HAVE_STDLIB_H 1
| #define HAVE_STRING_H 1
| #define HAVE_SYS_IOCTL_H 1
| #define HAVE_SYS_SOCKET_H 1
| #define HAVE_SYS_TIME_H 1
| #define HAVE_SYS_VFS_H 1
| #define HAVE_UNISTD_H 1
| #define HAVE__BOOL 1
| #define HAVE_STDBOOL_H 1
| /* end confdefs.h.  */
| #include <stdio.h>
| #ifdef HAVE_SYS_TYPES_H
| # include <sys/types.h>
| #endif
| #ifdef HAVE_SYS_STAT_H
| # include <sys/stat.h>
| #endif
| #ifdef STDC_HEADERS
| # include <stdlib.h>
| # include <stddef.h>
| #else
| # ifdef HAVE_STDLIB_H
| #  include <stdlib.h>
| # endif
| #endif
| #ifdef HAVE_STRING_H
| # if !defined STDC_HEADERS && defined HAVE_MEMORY_H
| #  include <memory.h>
| # endif
| # include <string.h>
| #endif
| #ifdef HAVE_STRINGS_H
| # include <strings.h>
| #endif
| #ifdef HAVE_INTTYPES_H
| # include <inttypes.h>
| #endif
| #ifdef HAVE_STDINT_H
| # include <stdint.h>
| #endif
| #ifdef HAVE_UNISTD_H
| # include <unistd.h>
| #endif
| int
| main ()
| {
| static int test_array [1 - 2 * !((int64_t) ((((int64_t) 1 << (64 - 2)) - 1) * 2 + 1)
| 		 < (int64_t) ((((int64_t) 1 << (64 - 2)) - 1) * 2 + 2))];
| test_array [0] = 0
| 
|   ;
|   return 0;
| }
configure:6736: result: yes
configure:6748: checking for mode_t
configure:6776: gcc -c -g -O2  conftest.c >&5
configure:6783: $? = 0
configure:6810: gcc -c -g -O2  conftest.c >&5
conftest.c: In function 'main':
conftest.c:71: error: expected expression before ')' token
configure:6817: $? = 1
configure: failed program was:
| /* confdefs.h.  */
| #define PACKAGE_NAME "CS_RS"
| #define PACKAGE_TARNAME "cs_rs"
| #define PACKAGE_VERSION "1.0"
| #define PACKAGE_STRING "CS_RS 1.0"
| #define PACKAGE_BUGREPORT "fengyuatad@126.com"
| #define PACKAGE "CS_RS"
| #define VERSION "1.0"
| #define STDC_HEADERS 1
| #define HAVE_SYS_TYPES_H 1
| #define HAVE_SYS_STAT_H 1
| #define HAVE_STDLIB_H 1
| #define HAVE_STRING_H 1
| #define HAVE_MEMORY_H 1
| #define HAVE_STRINGS_H 1
| #define HAVE_INTTYPES_H 1
| #define HAVE_STDINT_H 1
| #define HAVE_UNISTD_H 1
| #define HAVE_ARPA_INET_H 1
| #define HAVE_FCNTL_H 1
| #define HAVE_INTTYPES_H 1
| #define HAVE_NETDB_H 1
| #define HAVE_NETINET_IN_H 1
| #define HAVE_STDINT_H 1
| #define HAVE_STDLIB_H 1
| #define HAVE_STRING_H 1
| #define HAVE_SYS_IOCTL_H 1
| #define HAVE_SYS_SOCKET_H 1
| #define HAVE_SYS_TIME_H 1
| #define HAVE_SYS_VFS_H 1
| #define HAVE_UNISTD_H 1
| #define HAVE__BOOL 1
| #define HAVE_STDBOOL_H 1
| /* end confdefs.h.  */
| #include <stdio.h>
| #ifdef HAVE_SYS_TYPES_H
| # include <sys/types.h>
| #endif
| #ifdef HAVE_SYS_STAT_H
| # include <sys/stat.h>
| #endif
| #ifdef STDC_HEADERS
| # include <stdlib.h>
| # include <stddef.h>
| #else
| # ifdef HAVE_STDLIB_H
| #  include <stdlib.h>
| # endif
| #endif
| #ifdef HAVE_STRING_H
| # if !defined STDC_HEADERS && defined HAVE_MEMORY_H
| #  include <memory.h>
| # endif
| # include <string.h>
| #endif
| #ifdef HAVE_STRINGS_H
| # include <strings.h>
| #endif
| #ifdef HAVE_INTTYPES_H
| # include <inttypes.h>
| #endif
| #ifdef HAVE_STDINT_H
| # include <stdint.h>
| #endif
| #ifdef HAVE_UNISTD_H
| # include <unistd.h>
| #endif
| int
| main ()
| {
| if (sizeof ((mode_t)))
| 	  return 0;
|   ;
|   return 0;
| }
configure:6840: result: yes
configure:6852: checking for off_t
configure:6880: gcc -c -g -O2  conftest.c >&5
configure:6887: $? = 0
configure:6914: gcc -c -g -O2  conftest.c >&5
conftest.c: In function 'main':
conftest.c:71: error: expected expression before ')' token
configure:6921: $? = 1
configure: failed program was:
| /* confdefs.h.  */
| #define PACKAGE_NAME "CS_RS"
| #define PACKAGE_TARNAME "cs_rs"
| #define PACKAGE_VERSION "1.0"
| #define PACKAGE_STRING "CS_RS 1.0"
| #define PACKAGE_BUGREPORT "fengyuatad@126.com"
| #define PACKAGE "CS_RS"
| #define VERSION "1.0"
| #define STDC_HEADERS 1
| #define HAVE_SYS_TYPES_H 1
| #define HAVE_SYS_STAT_H 1
| #define HAVE_STDLIB_H 1
| #define HAVE_STRING_H 1
| #define HAVE_MEMORY_H 1
| #define HAVE_STRINGS_H 1
| #define HAVE_INTTYPES_H 1
| #define HAVE_STDINT_H 1
| #define HAVE_UNISTD_H 1
| #define HAVE_ARPA_INET_H 1
| #define HAVE_FCNTL_H 1
| #define HAVE_INTTYPES_H 1
| #define HAVE_NETDB_H 1
| #define HAVE_NETINET_IN_H 1
| #define HAVE_STDINT_H 1
| #define HAVE_STDLIB_H 1
| #define HAVE_STRING_H 1
| #define HAVE_SYS_IOCTL_H 1
| #define HAVE_SYS_SOCKET_H 1
| #define HAVE_SYS_TIME_H 1
| #define HAVE_SYS_VFS_H 1
| #define HAVE_UNISTD_H 1
| #define HAVE__BOOL 1
| #define HAVE_STDBOOL_H 1
| /* end confdefs.h.  */
| #include <stdio.h>
| #ifdef HAVE_SYS_TYPES_H
| # include <sys/types.h>
| #endif
| #ifdef HAVE_SYS_STAT_H
| # include <sys/stat.h>
| #endif
| #ifdef STDC_HEADERS
| # include <stdlib.h>
| # include <stddef.h>
| #else
| # ifdef HAVE_STDLIB_H
| #  include <stdlib.h>
| # endif
| #endif
| #ifdef HAVE_STRING_H
| # if !defined STDC_HEADERS && defined HAVE_MEMORY_H
| #  include <memory.h>
| # endif
| # include <string.h>
| #endif
| #ifdef HAVE_STRINGS_H
| # include <strings.h>
| #endif
| #ifdef HAVE_INTTYPES_H
| # include <inttypes.h>
| #endif
| #ifdef HAVE_STDINT_H
| # include <stdint.h>
| #endif
| #ifdef HAVE_UNISTD_H
| # include <unistd.h>
| #endif
| int
| main ()
| {
| if (sizeof ((off_t)))
| 	  return 0;
|   ;
|   return 0;
| }
configure:6944: result: yes
configure:6956: checking for pid_t
configure:6984: gcc -c -g -O2  conftest.c >&5
configure:6991: $? = 0
configure:7018: gcc -c -g -O2  conftest.c >&5
conftest.c: In function 'main':
conftest.c:71: error: expected expression before ')' token
configure:7025: $? = 1
configure: failed program was:
| /* confdefs.h.  */
| #define PACKAGE_NAME "CS_RS"
| #define PACKAGE_TARNAME "cs_rs"
| #define PACKAGE_VERSION "1.0"
| #define PACKAGE_STRING "CS_RS 1.0"
| #define PACKAGE_BUGREPORT "fengyuatad@126.com"
| #define PACKAGE "CS_RS"
| #define VERSION "1.0"
| #define STDC_HEADERS 1
| #define HAVE_SYS_TYPES_H 1
| #define HAVE_SYS_STAT_H 1
| #define HAVE_STDLIB_H 1
| #define HAVE_STRING_H 1
| #define HAVE_MEMORY_H 1
| #define HAVE_STRINGS_H 1
| #define HAVE_INTTYPES_H 1
| #define HAVE_STDINT_H 1
| #define HAVE_UNISTD_H 1
| #define HAVE_ARPA_INET_H 1
| #define HAVE_FCNTL_H 1
| #define HAVE_INTTYPES_H 1
| #define HAVE_NETDB_H 1
| #define HAVE_NETINET_IN_H 1
| #define HAVE_STDINT_H 1
| #define HAVE_STDLIB_H 1
| #define HAVE_STRING_H 1
| #define HAVE_SYS_IOCTL_H 1
| #define HAVE_SYS_SOCKET_H 1
| #define HAVE_SYS_TIME_H 1
| #define HAVE_SYS_VFS_H 1
| #define HAVE_UNISTD_H 1
| #define HAVE__BOOL 1
| #define HAVE_STDBOOL_H 1
| /* end confdefs.h.  */
| #include <stdio.h>
| #ifdef HAVE_SYS_TYPES_H
| # include <sys/types.h>
| #endif
| #ifdef HAVE_SYS_STAT_H
| # include <sys/stat.h>
| #endif
| #ifdef STDC_HEADERS
| # include <stdlib.h>
| # include <stddef.h>
| #else
| # ifdef HAVE_STDLIB_H
| #  include <stdlib.h>
| # endif
| #endif
| #ifdef HAVE_STRING_H
| # if !defined STDC_HEADERS && defined HAVE_MEMORY_H
| #  include <memory.h>
| # endif
| # include <string.h>
| #endif
| #ifdef HAVE_STRINGS_H
| # include <strings.h>
| #endif
| #ifdef HAVE_INTTYPES_H
| # include <inttypes.h>
| #endif
| #ifdef HAVE_STDINT_H
| # include <stdint.h>
| #endif
| #ifdef HAVE_UNISTD_H
| # include <unistd.h>
| #endif
| int
| main ()
| {
| if (sizeof ((pid_t)))
| 	  return 0;
|   ;
|   return 0;
| }
configure:7048: result: yes
configure:7060: checking for size_t
configure:7088: gcc -c -g -O2  conftest.c >&5
configure:7095: $? = 0
configure:7122: gcc -c -g -O2  conftest.c >&5
conftest.c: In function 'main':
conftest.c:71: error: expected expression before ')' token
configure:7129: $? = 1
configure: failed program was:
| /* confdefs.h.  */
| #define PACKAGE_NAME "CS_RS"
| #define PACKAGE_TARNAME "cs_rs"
| #define PACKAGE_VERSION "1.0"
| #define PACKAGE_STRING "CS_RS 1.0"
| #define PACKAGE_BUGREPORT "fengyuatad@126.com"
| #define PACKAGE "CS_RS"
| #define VERSION "1.0"
| #define STDC_HEADERS 1
| #define HAVE_SYS_TYPES_H 1
| #define HAVE_SYS_STAT_H 1
| #define HAVE_STDLIB_H 1
| #define HAVE_STRING_H 1
| #define HAVE_MEMORY_H 1
| #define HAVE_STRINGS_H 1
| #define HAVE_INTTYPES_H 1
| #define HAVE_STDINT_H 1
| #define HAVE_UNISTD_H 1
| #define HAVE_ARPA_INET_H 1
| #define HAVE_FCNTL_H 1
| #define HAVE_INTTYPES_H 1
| #define HAVE_NETDB_H 1
| #define HAVE_NETINET_IN_H 1
| #define HAVE_STDINT_H 1
| #define HAVE_STDLIB_H 1
| #define HAVE_STRING_H 1
| #define HAVE_SYS_IOCTL_H 1
| #define HAVE_SYS_SOCKET_H 1
| #define HAVE_SYS_TIME_H 1
| #define HAVE_SYS_VFS_H 1
| #define HAVE_UNISTD_H 1
| #define HAVE__BOOL 1
| #define HAVE_STDBOOL_H 1
| /* end confdefs.h.  */
| #include <stdio.h>
| #ifdef HAVE_SYS_TYPES_H
| # include <sys/types.h>
| #endif
| #ifdef HAVE_SYS_STAT_H
| # include <sys/stat.h>
| #endif
| #ifdef STDC_HEADERS
| # include <stdlib.h>
| # include <stddef.h>
| #else
| # ifdef HAVE_STDLIB_H
| #  include <stdlib.h>
| # endif
| #endif
| #ifdef HAVE_STRING_H
| # if !defined STDC_HEADERS && defined HAVE_MEMORY_H
| #  include <memory.h>
| # endif
| # include <string.h>
| #endif
| #ifdef HAVE_STRINGS_H
| # include <strings.h>
| #endif
| #ifdef HAVE_INTTYPES_H
| # include <inttypes.h>
| #endif
| #ifdef HAVE_STDINT_H
| # include <stdint.h>
| #endif
| #ifdef HAVE_UNISTD_H
| # include <unistd.h>
| #endif
| int
| main ()
| {
| if (sizeof ((size_t)))
| 	  return 0;
|   ;
|   return 0;
| }
configure:7152: result: yes
configure:7164: checking for ssize_t
configure:7192: gcc -c -g -O2  conftest.c >&5
configure:7199: $? = 0
configure:7226: gcc -c -g -O2  conftest.c >&5
conftest.c: In function 'main':
conftest.c:71: error: expected expression before ')' token
configure:7233: $? = 1
configure: failed program was:
| /* confdefs.h.  */
| #define PACKAGE_NAME "CS_RS"
| #define PACKAGE_TARNAME "cs_rs"
| #define PACKAGE_VERSION "1.0"
| #define PACKAGE_STRING "CS_RS 1.0"
| #define PACKAGE_BUGREPORT "fengyuatad@126.com"
| #define PACKAGE "CS_RS"
| #define VERSION "1.0"
| #define STDC_HEADERS 1
| #define HAVE_SYS_TYPES_H 1
| #define HAVE_SYS_STAT_H 1
| #define HAVE_STDLIB_H 1
| #define HAVE_STRING_H 1
| #define HAVE_MEMORY_H 1
| #define HAVE_STRINGS_H 1
| #define HAVE_INTTYPES_H 1
| #define HAVE_STDINT_H 1
| #define HAVE_UNISTD_H 1
| #define HAVE_ARPA_INET_H 1
| #define HAVE_FCNTL_H 1
| #define HAVE_INTTYPES_H 1
| #define HAVE_NETDB_H 1
| #define HAVE_NETINET_IN_H 1
| #define HAVE_STDINT_H 1
| #define HAVE_STDLIB_H 1
| #define HAVE_STRING_H 1
| #define HAVE_SYS_IOCTL_H 1
| #define HAVE_SYS_SOCKET_H 1
| #define HAVE_SYS_TIME_H 1
| #define HAVE_SYS_VFS_H 1
| #define HAVE_UNISTD_H 1
| #define HAVE__BOOL 1
| #define HAVE_STDBOOL_H 1
| /* end confdefs.h.  */
| #include <stdio.h>
| #ifdef HAVE_SYS_TYPES_H
| # include <sys/types.h>
| #endif
| #ifdef HAVE_SYS_STAT_H
| # include <sys/stat.h>
| #endif
| #ifdef STDC_HEADERS
| # include <stdlib.h>
| # include <stddef.h>
| #else
| # ifdef HAVE_STDLIB_H
| #  include <stdlib.h>
| # endif
| #endif
| #ifdef HAVE_STRING_H
| # if !defined STDC_HEADERS && defined HAVE_MEMORY_H
| #  include <memory.h>
| # endif
| # include <string.h>
| #endif
| #ifdef HAVE_STRINGS_H
| # include <strings.h>
| #endif
| #ifdef HAVE_INTTYPES_H
| # include <inttypes.h>
| #endif
| #ifdef HAVE_STDINT_H
| # include <stdint.h>
| #endif
| #ifdef HAVE_UNISTD_H
| # include <unistd.h>
| #endif
| int
| main ()
| {
| if (sizeof ((ssize_t)))
| 	  return 0;
|   ;
|   return 0;
| }
configure:7256: result: yes
configure:7269: checking for uint16_t
configure:7300: gcc -c -g -O2  conftest.c >&5
configure:7307: $? = 0
configure:7328: result: yes
configure:7342: checking for uint32_t
configure:7373: gcc -c -g -O2  conftest.c >&5
configure:7380: $? = 0
configure:7401: result: yes
configure:7419: checking for uint64_t
configure:7450: gcc -c -g -O2  conftest.c >&5
configure:7457: $? = 0
configure:7478: result: yes
configure:7496: checking for uint8_t
configure:7527: gcc -c -g -O2  conftest.c >&5
configure:7534: $? = 0
configure:7555: result: yes
configure:7574: checking for error_at_line
configure:7600: gcc -o conftest -g -O2   conftest.c  >&5
configure:7607: $? = 0
configure:7627: result: yes
configure:7638: checking whether time.h and sys/time.h may both be included
configure:7668: gcc -c -g -O2  conftest.c >&5
configure:7675: $? = 0
configure:7690: result: yes
configure:7708: checking for sys/time.h
configure:7715: result: yes
configure:7708: checking for unistd.h
configure:7715: result: yes
configure:7865: checking for alarm
configure:7921: gcc -o conftest -g -O2   conftest.c  >&5
configure:7928: $? = 0
configure:7950: result: yes
configure:7978: checking for working mktime
configure:8193: gcc -o conftest -g -O2   conftest.c  >&5
configure:8197: $? = 0
configure:8203: ./conftest
configure:8207: $? = 0
configure:8224: result: yes
configure:8249: checking for bzero
configure:8305: gcc -o conftest -g -O2   conftest.c  >&5
conftest.c:62: warning: conflicting types for built-in function 'bzero'
configure:8312: $? = 0
configure:8334: result: yes
configure:8249: checking for clock_gettime
configure:8305: gcc -o conftest -g -O2   conftest.c  >&5
/tmp/ccARHA4Y.o: In function `main':
/home/terry/New_CS/build/conftest.c:74: undefined reference to `clock_gettime'
collect2: ld returned 1 exit status
configure:8312: $? = 1
configure: failed program was:
| /* confdefs.h.  */
| #define PACKAGE_NAME "CS_RS"
| #define PACKAGE_TARNAME "cs_rs"
| #define PACKAGE_VERSION "1.0"
| #define PACKAGE_STRING "CS_RS 1.0"
| #define PACKAGE_BUGREPORT "fengyuatad@126.com"
| #define PACKAGE "CS_RS"
| #define VERSION "1.0"
| #define STDC_HEADERS 1
| #define HAVE_SYS_TYPES_H 1
| #define HAVE_SYS_STAT_H 1
| #define HAVE_STDLIB_H 1
| #define HAVE_STRING_H 1
| #define HAVE_MEMORY_H 1
| #define HAVE_STRINGS_H 1
| #define HAVE_INTTYPES_H 1
| #define HAVE_STDINT_H 1
| #define HAVE_UNISTD_H 1
| #define HAVE_ARPA_INET_H 1
| #define HAVE_FCNTL_H 1
| #define HAVE_INTTYPES_H 1
| #define HAVE_NETDB_H 1
| #define HAVE_NETINET_IN_H 1
| #define HAVE_STDINT_H 1
| #define HAVE_STDLIB_H 1
| #define HAVE_STRING_H 1
| #define HAVE_SYS_IOCTL_H 1
| #define HAVE_SYS_SOCKET_H 1
| #define HAVE_SYS_TIME_H 1
| #define HAVE_SYS_VFS_H 1
| #define HAVE_UNISTD_H 1
| #define HAVE__BOOL 1
| #define HAVE_STDBOOL_H 1
| #define TIME_WITH_SYS_TIME 1
| #define HAVE_SYS_TIME_H 1
| #define HAVE_UNISTD_H 1
| #define HAVE_ALARM 1
| #define HAVE_BZERO 1
| /* end confdefs.h.  */
| /* Define clock_gettime to an innocuous variant, in case <limits.h> declares clock_gettime.
|    For example, HP-UX 11i <limits.h> declares gettimeofday.  */
| #define clock_gettime innocuous_clock_gettime
| 
| /* System header to define __stub macros and hopefully few prototypes,
|     which can conflict with char clock_gettime (); below.
|     Prefer <limits.h> to <assert.h> if __STDC__ is defined, since
|     <limits.h> exists even on freestanding compilers.  */
| 
| #ifdef __STDC__
| # include <limits.h>
| #else
| # include <assert.h>
| #endif
| 
| #undef clock_gettime
| 
| /* Override any GCC internal prototype to avoid an error.
|    Use char because int might match the return type of a GCC
|    builtin and then its argument prototype would still apply.  */
| #ifdef __cplusplus
| extern "C"
| #endif
| char clock_gettime ();
| /* The GNU C library defines this for functions which it implements
|     to always fail with ENOSYS.  Some functions are actually named
|     something starting with __ and the normal name is an alias.  */
| #if defined __stub_clock_gettime || defined __stub___clock_gettime
| choke me
| #endif
| 
| int
| main ()
| {
| return clock_gettime ();
|   ;
|   return 0;
| }
configure:8334: result: no
configure:8249: checking for ftruncate
configure:8305: gcc -o conftest -g -O2   conftest.c  >&5
configure:8312: $? = 0
configure:8334: result: yes
configure:8249: checking for gettimeofday
configure:8305: gcc -o conftest -g -O2   conftest.c  >&5
configure:8312: $? = 0
configure:8334: result: yes
configure:8249: checking for inet_ntoa
configure:8305: gcc -o conftest -g -O2   conftest.c  >&5
configure:8312: $? = 0
configure:8334: result: yes
configure:8249: checking for localtime_r
configure:8305: gcc -o conftest -g -O2   conftest.c  >&5
configure:8312: $? = 0
configure:8334: result: yes
configure:8249: checking for memset
configure:8305: gcc -o conftest -g -O2   conftest.c  >&5
conftest.c:67: warning: conflicting types for built-in function 'memset'
configure:8312: $? = 0
configure:8334: result: yes
configure:8249: checking for mkdir
configure:8305: gcc -o conftest -g -O2   conftest.c  >&5
configure:8312: $? = 0
configure:8334: result: yes
configure:8249: checking for socket
configure:8305: gcc -o conftest -g -O2   conftest.c  >&5
configure:8312: $? = 0
configure:8334: result: yes
configure:8249: checking for strchr
configure:8305: gcc -o conftest -g -O2   conftest.c  >&5
conftest.c:70: warning: conflicting types for built-in function 'strchr'
configure:8312: $? = 0
configure:8334: result: yes
configure:8249: checking for strerror
configure:8305: gcc -o conftest -g -O2   conftest.c  >&5
configure:8312: $? = 0
configure:8334: result: yes
configure:8479: creating ./config.status

## ---------------------- ##
## Running config.status. ##
## ---------------------- ##

This file was extended by CS_RS config.status 1.0, which was
generated by GNU Autoconf 2.63.  Invocation command line was

  CONFIG_FILES    = 
  CONFIG_HEADERS  = 
  CONFIG_LINKS    = 
  CONFIG_COMMANDS = 
  $ ./config.status 

on C-T-store-26

config.status:810: creating Makefile
config.status:810: creating common/Makefile
config.status:810: creating src/Makefile
config.status:810: creating config.h
config.status:1025: config.h is unchanged
config.status:1077: executing depfiles commands

## ---------------- ##
## Cache variables. ##
## ---------------- ##

ac_cv_c_compiler_gnu=yes
ac_cv_c_inline=inline
ac_cv_c_int32_t=yes
ac_cv_c_int64_t=yes
ac_cv_c_uint16_t=yes
ac_cv_c_uint32_t=yes
ac_cv_c_uint64_t=yes
ac_cv_c_uint8_t=yes
ac_cv_cxx_compiler_gnu=yes
ac_cv_env_CCC_set=
ac_cv_env_CCC_value=
ac_cv_env_CC_set=
ac_cv_env_CC_value=
ac_cv_env_CFLAGS_set=
ac_cv_env_CFLAGS_value=
ac_cv_env_CPPFLAGS_set=
ac_cv_env_CPPFLAGS_value=
ac_cv_env_CPP_set=
ac_cv_env_CPP_value=
ac_cv_env_CXXFLAGS_set=
ac_cv_env_CXXFLAGS_value=
ac_cv_env_CXX_set=
ac_cv_env_CXX_value=
ac_cv_env_LDFLAGS_set=
ac_cv_env_LDFLAGS_value=
ac_cv_env_LIBS_set=
ac_cv_env_LIBS_value=
ac_cv_env_build_alias_set=
ac_cv_env_build_alias_value=
ac_cv_env_host_alias_set=
ac_cv_env_host_alias_value=
ac_cv_env_target_alias_set=
ac_cv_env_target_alias_value=
ac_cv_func_alarm=yes
ac_cv_func_bzero=yes
ac_cv_func_clock_gettime=no
ac_cv_func_ftruncate=yes
ac_cv_func_gettimeofday=yes
ac_cv_func_inet_ntoa=yes
ac_cv_func_localtime_r=yes
ac_cv_func_memset=yes
ac_cv_func_mkdir=yes
ac_cv_func_socket=yes
ac_cv_func_strchr=yes
ac_cv_func_strerror=yes
ac_cv_func_working_mktime=yes
ac_cv_header_arpa_inet_h=yes
ac_cv_header_fcntl_h=yes
ac_cv_header_inttypes_h=yes
ac_cv_header_memory_h=yes
ac_cv_header_netdb_h=yes
ac_cv_header_netinet_in_h=yes
ac_cv_header_stdbool_h=yes
ac_cv_header_stdc=yes
ac_cv_header_stdint_h=yes
ac_cv_header_stdlib_h=yes
ac_cv_header_string_h=yes
ac_cv_header_strings_h=yes
ac_cv_header_sys_ioctl_h=yes
ac_cv_header_sys_socket_h=yes
ac_cv_header_sys_stat_h=yes
ac_cv_header_sys_time_h=yes
ac_cv_header_sys_types_h=yes
ac_cv_header_sys_vfs_h=yes
ac_cv_header_time=yes
ac_cv_header_unistd_h=yes
ac_cv_lib_error_at_line=yes
ac_cv_lib_protobuf___ZTVN6google8protobuf17FileDescriptorSetE_=yes
ac_cv_lib_ptrhread__pthread_create_=no
ac_cv_lib_rt__clock_gettime_=yes
ac_cv_lib_xml2__xmlXPtrEval_=yes
ac_cv_objext=o
ac_cv_path_EGREP='/usr/bin/grep -E'
ac_cv_path_GREP=/usr/bin/grep
ac_cv_path_XML2_CONFIG=/usr/bin/xml2-config
ac_cv_path_install='/usr/bin/install -c'
ac_cv_path_mkdir=/bin/mkdir
ac_cv_prog_AWK=gawk
ac_cv_prog_CPP='gcc -E'
ac_cv_prog_ac_ct_CC=gcc
ac_cv_prog_ac_ct_CXX=g++
ac_cv_prog_ac_ct_RANLIB=ranlib
ac_cv_prog_cc_c89=
ac_cv_prog_cc_g=yes
ac_cv_prog_cxx_g=yes
ac_cv_prog_make_make_set=yes
ac_cv_type__Bool=yes
ac_cv_type_mode_t=yes
ac_cv_type_off_t=yes
ac_cv_type_pid_t=yes
ac_cv_type_size_t=yes
ac_cv_type_ssize_t=yes
am_cv_CC_dependencies_compiler_type=gcc3
am_cv_CXX_dependencies_compiler_type=gcc3

## ----------------- ##
## Output variables. ##
## ----------------- ##

ACLOCAL='${SHELL} /home/terry/New_CS/missing --run aclocal-1.10'
AMDEPBACKSLASH='\'
AMDEP_FALSE='#'
AMDEP_TRUE=''
AMTAR='${SHELL} /home/terry/New_CS/missing --run tar'
AUTOCONF='${SHELL} /home/terry/New_CS/missing --run autoconf'
AUTOHEADER='${SHELL} /home/terry/New_CS/missing --run autoheader'
AUTOMAKE='${SHELL} /home/terry/New_CS/missing --run automake-1.10'
AWK='gawk'
CC='gcc'
CCDEPMODE='depmode=gcc3'
CFLAGS='-g -O2'
CPP='gcc -E'
CPPFLAGS=''
CXX='g++'
CXXDEPMODE='depmode=gcc3'
CXXFLAGS='-g -O2'
CYGPATH_W='echo'
DEFS='-DHAVE_CONFIG_H'
DEPDIR='.deps'
ECHO_C=''
ECHO_N='-n'
ECHO_T=''
EGREP='/usr/bin/grep -E'
EXEEXT=''
GREP='/usr/bin/grep'
INSTALL_DATA='${INSTALL} -m 644'
INSTALL_PROGRAM='${INSTALL}'
INSTALL_SCRIPT='${INSTALL}'
INSTALL_STRIP_PROGRAM='$(install_sh) -c -s'
LDFLAGS=''
LIBOBJS=''
LIBS=''
LTLIBOBJS=''
MAKEINFO='${SHELL} /home/terry/New_CS/missing --run makeinfo'
MKDIR_P='/bin/mkdir -p'
OBJEXT='o'
PACKAGE='CS_RS'
PACKAGE_BUGREPORT='fengyuatad@126.com'
PACKAGE_NAME='CS_RS'
PACKAGE_STRING='CS_RS 1.0'
PACKAGE_TARNAME='cs_rs'
PACKAGE_VERSION='1.0'
PATH_SEPARATOR=':'
RANLIB='ranlib'
SET_MAKE=''
SHELL='/bin/sh'
STRIP=''
VERSION='1.0'
XML2_CONFIG='/usr/bin/xml2-config'
XML_CPPFLAGS='-I/usr/include/libxml2'
XML_LIBS='-lxml2 -lz -lm'
ac_ct_CC='gcc'
ac_ct_CXX='g++'
am__fastdepCC_FALSE='#'
am__fastdepCC_TRUE=''
am__fastdepCXX_FALSE='#'
am__fastdepCXX_TRUE=''
am__include='include'
am__isrc=' -I$(srcdir)'
am__leading_dot='.'
am__quote=''
am__tar='${AMTAR} chof - "$$tardir"'
am__untar='${AMTAR} xf -'
bindir='${exec_prefix}/bin'
build_alias=''
datadir='${datarootdir}'
datarootdir='${prefix}/share'
docdir='${datarootdir}/doc/${PACKAGE_TARNAME}'
dvidir='${docdir}'
exec_prefix='${prefix}'
host_alias=''
htmldir='${docdir}'
includedir='${prefix}/include'
infodir='${datarootdir}/info'
install_sh='$(SHELL) /home/terry/New_CS/install-sh'
libdir='${exec_prefix}/lib'
libexecdir='${exec_prefix}/libexec'
localedir='${datarootdir}/locale'
localstatedir='${prefix}/var'
mandir='${datarootdir}/man'
mkdir_p='/bin/mkdir -p'
oldincludedir='/usr/include'
pdfdir='${docdir}'
prefix='/usr/local'
program_transform_name='s,x,x,'
psdir='${docdir}'
sbindir='${exec_prefix}/sbin'
sharedstatedir='${prefix}/com'
sysconfdir='${prefix}/etc'
target_alias=''

## ----------- ##
## confdefs.h. ##
## ----------- ##

#define PACKAGE_NAME "CS_RS"
#define PACKAGE_TARNAME "cs_rs"
#define PACKAGE_VERSION "1.0"
#define PACKAGE_STRING "CS_RS 1.0"
#define PACKAGE_BUGREPORT "fengyuatad@126.com"
#define PACKAGE "CS_RS"
#define VERSION "1.0"
#define STDC_HEADERS 1
#define HAVE_SYS_TYPES_H 1
#define HAVE_SYS_STAT_H 1
#define HAVE_STDLIB_H 1
#define HAVE_STRING_H 1
#define HAVE_MEMORY_H 1
#define HAVE_STRINGS_H 1
#define HAVE_INTTYPES_H 1
#define HAVE_STDINT_H 1
#define HAVE_UNISTD_H 1
#define HAVE_ARPA_INET_H 1
#define HAVE_FCNTL_H 1
#define HAVE_INTTYPES_H 1
#define HAVE_NETDB_H 1
#define HAVE_NETINET_IN_H 1
#define HAVE_STDINT_H 1
#define HAVE_STDLIB_H 1
#define HAVE_STRING_H 1
#define HAVE_SYS_IOCTL_H 1
#define HAVE_SYS_SOCKET_H 1
#define HAVE_SYS_TIME_H 1
#define HAVE_SYS_VFS_H 1
#define HAVE_UNISTD_H 1
#define HAVE__BOOL 1
#define HAVE_STDBOOL_H 1
#define TIME_WITH_SYS_TIME 1
#define HAVE_SYS_TIME_H 1
#define HAVE_UNISTD_H 1
#define HAVE_ALARM 1
#define HAVE_BZERO 1
#define HAVE_FTRUNCATE 1
#define HAVE_GETTIMEOFDAY 1
#define HAVE_INET_NTOA 1
#define HAVE_LOCALTIME_R 1
#define HAVE_MEMSET 1
#define HAVE_MKDIR 1
#define HAVE_SOCKET 1
#define HAVE_STRCHR 1
#define HAVE_STRERROR 1

configure: exit 0
